{"/Users/Louieg3/Documents/WEB DEVELOPMENT/Springboard/Projects/Section_35/pg_relationships/app.js": {"path":"/Users/Louieg3/Documents/WEB DEVELOPMENT/Springboard/Projects/Section_35/pg_relationships/app.js","statementMap":{"0":{"start":{"line":1,"column":16},"end":{"line":1,"column":34}},"1":{"start":{"line":2,"column":12},"end":{"line":2,"column":21}},"2":{"start":{"line":3,"column":21},"end":{"line":3,"column":46}},"3":{"start":{"line":5,"column":0},"end":{"line":5,"column":24}},"4":{"start":{"line":7,"column":22},"end":{"line":7,"column":51}},"5":{"start":{"line":8,"column":22},"end":{"line":8,"column":50}},"6":{"start":{"line":9,"column":23},"end":{"line":9,"column":53}},"7":{"start":{"line":10,"column":0},"end":{"line":10,"column":37}},"8":{"start":{"line":11,"column":0},"end":{"line":11,"column":36}},"9":{"start":{"line":12,"column":0},"end":{"line":12,"column":39}},"10":{"start":{"line":18,"column":0},"end":{"line":21,"column":3}},"11":{"start":{"line":19,"column":14},"end":{"line":19,"column":48}},"12":{"start":{"line":20,"column":2},"end":{"line":20,"column":19}},"13":{"start":{"line":25,"column":0},"end":{"line":32,"column":3}},"14":{"start":{"line":26,"column":2},"end":{"line":26,"column":32}},"15":{"start":{"line":28,"column":2},"end":{"line":31,"column":5}},"16":{"start":{"line":35,"column":0},"end":{"line":35,"column":21}}},"fnMap":{"0":{"name":"(anonymous_0)","decl":{"start":{"line":18,"column":8},"end":{"line":18,"column":9}},"loc":{"start":{"line":18,"column":33},"end":{"line":21,"column":1}},"line":18},"1":{"name":"(anonymous_1)","decl":{"start":{"line":25,"column":8},"end":{"line":25,"column":9}},"loc":{"start":{"line":25,"column":33},"end":{"line":32,"column":1}},"line":25}},"branchMap":{"0":{"loc":{"start":{"line":26,"column":13},"end":{"line":26,"column":30}},"type":"binary-expr","locations":[{"start":{"line":26,"column":13},"end":{"line":26,"column":23}},{"start":{"line":26,"column":27},"end":{"line":26,"column":30}}],"line":26}},"s":{"0":1,"1":1,"2":1,"3":1,"4":1,"5":1,"6":1,"7":1,"8":1,"9":1,"10":1,"11":0,"12":0,"13":1,"14":0,"15":0,"16":1},"f":{"0":0,"1":0},"b":{"0":[0,0]},"_coverageSchema":"1a1c01bbd47fc00a2c39e90264f33305004495a9","hash":"6a4de074ac669fc2934eee092cf38211b3d731df"}
,"/Users/Louieg3/Documents/WEB DEVELOPMENT/Springboard/Projects/Section_35/pg_relationships/db.js": {"path":"/Users/Louieg3/Documents/WEB DEVELOPMENT/Springboard/Projects/Section_35/pg_relationships/db.js","statementMap":{"0":{"start":{"line":3,"column":19},"end":{"line":3,"column":32}},"1":{"start":{"line":7,"column":0},"end":{"line":11,"column":1}},"2":{"start":{"line":8,"column":4},"end":{"line":8,"column":42}},"3":{"start":{"line":10,"column":4},"end":{"line":10,"column":36}},"4":{"start":{"line":13,"column":9},"end":{"line":15,"column":2}},"5":{"start":{"line":17,"column":0},"end":{"line":17,"column":13}},"6":{"start":{"line":19,"column":0},"end":{"line":19,"column":20}}},"fnMap":{},"branchMap":{"0":{"loc":{"start":{"line":7,"column":0},"end":{"line":11,"column":1}},"type":"if","locations":[{"start":{"line":7,"column":0},"end":{"line":11,"column":1}},{"start":{"line":7,"column":0},"end":{"line":11,"column":1}}],"line":7}},"s":{"0":1,"1":1,"2":1,"3":0,"4":1,"5":1,"6":1},"f":{},"b":{"0":[1,0]},"_coverageSchema":"1a1c01bbd47fc00a2c39e90264f33305004495a9","hash":"72deb72c4c95f59c5f3a431fe91d673de2c6e867"}
,"/Users/Louieg3/Documents/WEB DEVELOPMENT/Springboard/Projects/Section_35/pg_relationships/expressError.js": {"path":"/Users/Louieg3/Documents/WEB DEVELOPMENT/Springboard/Projects/Section_35/pg_relationships/expressError.js","statementMap":{"0":{"start":{"line":9,"column":4},"end":{"line":9,"column":12}},"1":{"start":{"line":10,"column":4},"end":{"line":10,"column":27}},"2":{"start":{"line":11,"column":4},"end":{"line":11,"column":25}},"3":{"start":{"line":12,"column":4},"end":{"line":12,"column":30}},"4":{"start":{"line":17,"column":0},"end":{"line":17,"column":30}}},"fnMap":{"0":{"name":"(anonymous_0)","decl":{"start":{"line":8,"column":2},"end":{"line":8,"column":3}},"loc":{"start":{"line":8,"column":31},"end":{"line":13,"column":3}},"line":8}},"branchMap":{},"s":{"0":0,"1":0,"2":0,"3":0,"4":1},"f":{"0":0},"b":{},"_coverageSchema":"1a1c01bbd47fc00a2c39e90264f33305004495a9","hash":"cbb9be293379613dd6c56ae33e8204b11b7a7848"}
,"/Users/Louieg3/Documents/WEB DEVELOPMENT/Springboard/Projects/Section_35/pg_relationships/routes/companies.js": {"path":"/Users/Louieg3/Documents/WEB DEVELOPMENT/Springboard/Projects/Section_35/pg_relationships/routes/companies.js","statementMap":{"0":{"start":{"line":1,"column":16},"end":{"line":1,"column":34}},"1":{"start":{"line":2,"column":15},"end":{"line":2,"column":35}},"2":{"start":{"line":3,"column":21},"end":{"line":3,"column":47}},"3":{"start":{"line":4,"column":11},"end":{"line":4,"column":27}},"4":{"start":{"line":5,"column":14},"end":{"line":5,"column":32}},"5":{"start":{"line":7,"column":0},"end":{"line":14,"column":2}},"6":{"start":{"line":8,"column":4},"end":{"line":13,"column":5}},"7":{"start":{"line":9,"column":24},"end":{"line":9,"column":65}},"8":{"start":{"line":10,"column":8},"end":{"line":10,"column":50}},"9":{"start":{"line":12,"column":8},"end":{"line":12,"column":23}},"10":{"start":{"line":18,"column":0},"end":{"line":38,"column":2}},"11":{"start":{"line":19,"column":4},"end":{"line":37,"column":5}},"12":{"start":{"line":20,"column":21},"end":{"line":20,"column":36}},"13":{"start":{"line":22,"column":23},"end":{"line":30,"column":18}},"14":{"start":{"line":31,"column":8},"end":{"line":33,"column":9}},"15":{"start":{"line":32,"column":12},"end":{"line":32,"column":83}},"16":{"start":{"line":34,"column":8},"end":{"line":34,"column":50}},"17":{"start":{"line":36,"column":8},"end":{"line":36,"column":23}},"18":{"start":{"line":40,"column":0},"end":{"line":49,"column":2}},"19":{"start":{"line":41,"column":4},"end":{"line":48,"column":5}},"20":{"start":{"line":42,"column":36},"end":{"line":42,"column":44}},"21":{"start":{"line":43,"column":21},"end":{"line":43,"column":107}},"22":{"start":{"line":44,"column":23},"end":{"line":44,"column":147}},"23":{"start":{"line":45,"column":8},"end":{"line":45,"column":62}},"24":{"start":{"line":47,"column":8},"end":{"line":47,"column":23}},"25":{"start":{"line":51,"column":0},"end":{"line":66,"column":2}},"26":{"start":{"line":52,"column":4},"end":{"line":65,"column":5}},"27":{"start":{"line":53,"column":8},"end":{"line":55,"column":9}},"28":{"start":{"line":54,"column":12},"end":{"line":54,"column":90}},"29":{"start":{"line":56,"column":19},"end":{"line":56,"column":32}},"30":{"start":{"line":57,"column":42},"end":{"line":57,"column":50}},"31":{"start":{"line":58,"column":23},"end":{"line":58,"column":153}},"32":{"start":{"line":59,"column":8},"end":{"line":61,"column":9}},"33":{"start":{"line":60,"column":12},"end":{"line":60,"column":81}},"34":{"start":{"line":62,"column":8},"end":{"line":62,"column":50}},"35":{"start":{"line":64,"column":8},"end":{"line":64,"column":23}},"36":{"start":{"line":68,"column":0},"end":{"line":79,"column":2}},"37":{"start":{"line":69,"column":4},"end":{"line":78,"column":5}},"38":{"start":{"line":70,"column":23},"end":{"line":70,"column":97}},"39":{"start":{"line":71,"column":8},"end":{"line":73,"column":9}},"40":{"start":{"line":72,"column":12},"end":{"line":72,"column":94}},"41":{"start":{"line":74,"column":24},"end":{"line":74,"column":96}},"42":{"start":{"line":75,"column":8},"end":{"line":75,"column":44}},"43":{"start":{"line":77,"column":8},"end":{"line":77,"column":23}},"44":{"start":{"line":82,"column":0},"end":{"line":82,"column":24}}},"fnMap":{"0":{"name":"(anonymous_0)","decl":{"start":{"line":7,"column":16},"end":{"line":7,"column":17}},"loc":{"start":{"line":7,"column":42},"end":{"line":14,"column":1}},"line":7},"1":{"name":"(anonymous_1)","decl":{"start":{"line":18,"column":21},"end":{"line":18,"column":22}},"loc":{"start":{"line":18,"column":47},"end":{"line":38,"column":1}},"line":18},"2":{"name":"(anonymous_2)","decl":{"start":{"line":40,"column":17},"end":{"line":40,"column":18}},"loc":{"start":{"line":40,"column":43},"end":{"line":49,"column":1}},"line":40},"3":{"name":"(anonymous_3)","decl":{"start":{"line":51,"column":19},"end":{"line":51,"column":20}},"loc":{"start":{"line":51,"column":45},"end":{"line":66,"column":1}},"line":51},"4":{"name":"(anonymous_4)","decl":{"start":{"line":68,"column":24},"end":{"line":68,"column":25}},"loc":{"start":{"line":68,"column":50},"end":{"line":79,"column":1}},"line":68}},"branchMap":{"0":{"loc":{"start":{"line":31,"column":8},"end":{"line":33,"column":9}},"type":"if","locations":[{"start":{"line":31,"column":8},"end":{"line":33,"column":9}},{"start":{"line":31,"column":8},"end":{"line":33,"column":9}}],"line":31},"1":{"loc":{"start":{"line":53,"column":8},"end":{"line":55,"column":9}},"type":"if","locations":[{"start":{"line":53,"column":8},"end":{"line":55,"column":9}},{"start":{"line":53,"column":8},"end":{"line":55,"column":9}}],"line":53},"2":{"loc":{"start":{"line":59,"column":8},"end":{"line":61,"column":9}},"type":"if","locations":[{"start":{"line":59,"column":8},"end":{"line":61,"column":9}},{"start":{"line":59,"column":8},"end":{"line":61,"column":9}}],"line":59},"3":{"loc":{"start":{"line":71,"column":8},"end":{"line":73,"column":9}},"type":"if","locations":[{"start":{"line":71,"column":8},"end":{"line":73,"column":9}},{"start":{"line":71,"column":8},"end":{"line":73,"column":9}}],"line":71}},"s":{"0":1,"1":1,"2":1,"3":1,"4":1,"5":1,"6":1,"7":1,"8":1,"9":0,"10":1,"11":2,"12":2,"13":2,"14":2,"15":0,"16":2,"17":0,"18":1,"19":2,"20":2,"21":2,"22":2,"23":2,"24":0,"25":1,"26":2,"27":2,"28":0,"29":2,"30":2,"31":2,"32":2,"33":0,"34":2,"35":0,"36":1,"37":2,"38":2,"39":2,"40":0,"41":2,"42":2,"43":0,"44":1},"f":{"0":1,"1":2,"2":2,"3":2,"4":2},"b":{"0":[0,2],"1":[0,2],"2":[0,2],"3":[0,2]},"_coverageSchema":"1a1c01bbd47fc00a2c39e90264f33305004495a9","hash":"f4ae68f18660ca3367f35002b2f9946c538cefc2"}
,"/Users/Louieg3/Documents/WEB DEVELOPMENT/Springboard/Projects/Section_35/pg_relationships/routes/industries.js": {"path":"/Users/Louieg3/Documents/WEB DEVELOPMENT/Springboard/Projects/Section_35/pg_relationships/routes/industries.js","statementMap":{"0":{"start":{"line":1,"column":16},"end":{"line":1,"column":34}},"1":{"start":{"line":2,"column":15},"end":{"line":2,"column":35}},"2":{"start":{"line":3,"column":21},"end":{"line":3,"column":47}},"3":{"start":{"line":4,"column":11},"end":{"line":4,"column":27}},"4":{"start":{"line":5,"column":14},"end":{"line":5,"column":32}},"5":{"start":{"line":7,"column":0},"end":{"line":20,"column":2}},"6":{"start":{"line":8,"column":4},"end":{"line":19,"column":5}},"7":{"start":{"line":9,"column":33},"end":{"line":15,"column":10}},"8":{"start":{"line":16,"column":8},"end":{"line":16,"column":60}},"9":{"start":{"line":18,"column":8},"end":{"line":18,"column":23}},"10":{"start":{"line":22,"column":0},"end":{"line":31,"column":2}},"11":{"start":{"line":23,"column":4},"end":{"line":30,"column":5}},"12":{"start":{"line":24,"column":23},"end":{"line":24,"column":31}},"13":{"start":{"line":25,"column":21},"end":{"line":25,"column":107}},"14":{"start":{"line":26,"column":23},"end":{"line":26,"column":122}},"15":{"start":{"line":27,"column":8},"end":{"line":27,"column":62}},"16":{"start":{"line":29,"column":8},"end":{"line":29,"column":23}},"17":{"start":{"line":33,"column":0},"end":{"line":45,"column":2}},"18":{"start":{"line":34,"column":4},"end":{"line":44,"column":5}},"19":{"start":{"line":35,"column":27},"end":{"line":35,"column":35}},"20":{"start":{"line":36,"column":24},"end":{"line":36,"column":103}},"21":{"start":{"line":37,"column":8},"end":{"line":39,"column":9}},"22":{"start":{"line":38,"column":12},"end":{"line":38,"column":99}},"23":{"start":{"line":40,"column":23},"end":{"line":40,"column":148}},"24":{"start":{"line":41,"column":8},"end":{"line":41,"column":62}},"25":{"start":{"line":43,"column":8},"end":{"line":43,"column":23}},"26":{"start":{"line":47,"column":0},"end":{"line":47,"column":24}}},"fnMap":{"0":{"name":"(anonymous_0)","decl":{"start":{"line":7,"column":16},"end":{"line":7,"column":17}},"loc":{"start":{"line":7,"column":42},"end":{"line":20,"column":1}},"line":7},"1":{"name":"(anonymous_1)","decl":{"start":{"line":22,"column":17},"end":{"line":22,"column":18}},"loc":{"start":{"line":22,"column":43},"end":{"line":31,"column":1}},"line":22},"2":{"name":"(anonymous_2)","decl":{"start":{"line":33,"column":27},"end":{"line":33,"column":28}},"loc":{"start":{"line":33,"column":53},"end":{"line":45,"column":1}},"line":33}},"branchMap":{"0":{"loc":{"start":{"line":37,"column":8},"end":{"line":39,"column":9}},"type":"if","locations":[{"start":{"line":37,"column":8},"end":{"line":39,"column":9}},{"start":{"line":37,"column":8},"end":{"line":39,"column":9}}],"line":37}},"s":{"0":1,"1":1,"2":1,"3":1,"4":1,"5":1,"6":0,"7":0,"8":0,"9":0,"10":1,"11":0,"12":0,"13":0,"14":0,"15":0,"16":0,"17":1,"18":0,"19":0,"20":0,"21":0,"22":0,"23":0,"24":0,"25":0,"26":1},"f":{"0":0,"1":0,"2":0},"b":{"0":[0,0]},"_coverageSchema":"1a1c01bbd47fc00a2c39e90264f33305004495a9","hash":"963bcff8443053319bae97fd2478917931eff3d9"}
,"/Users/Louieg3/Documents/WEB DEVELOPMENT/Springboard/Projects/Section_35/pg_relationships/routes/invoices.js": {"path":"/Users/Louieg3/Documents/WEB DEVELOPMENT/Springboard/Projects/Section_35/pg_relationships/routes/invoices.js","statementMap":{"0":{"start":{"line":1,"column":16},"end":{"line":1,"column":34}},"1":{"start":{"line":2,"column":15},"end":{"line":2,"column":35}},"2":{"start":{"line":3,"column":21},"end":{"line":3,"column":47}},"3":{"start":{"line":4,"column":11},"end":{"line":4,"column":27}},"4":{"start":{"line":6,"column":0},"end":{"line":13,"column":2}},"5":{"start":{"line":7,"column":4},"end":{"line":12,"column":5}},"6":{"start":{"line":8,"column":24},"end":{"line":8,"column":64}},"7":{"start":{"line":9,"column":8},"end":{"line":9,"column":49}},"8":{"start":{"line":11,"column":8},"end":{"line":11,"column":23}},"9":{"start":{"line":15,"column":0},"end":{"line":50,"column":2}},"10":{"start":{"line":16,"column":4},"end":{"line":49,"column":5}},"11":{"start":{"line":17,"column":19},"end":{"line":17,"column":32}},"12":{"start":{"line":18,"column":23},"end":{"line":28,"column":32}},"13":{"start":{"line":29,"column":8},"end":{"line":31,"column":9}},"14":{"start":{"line":30,"column":12},"end":{"line":30,"column":81}},"15":{"start":{"line":32,"column":21},"end":{"line":32,"column":35}},"16":{"start":{"line":33,"column":20},"end":{"line":44,"column":5}},"17":{"start":{"line":46,"column":4},"end":{"line":46,"column":42}},"18":{"start":{"line":48,"column":8},"end":{"line":48,"column":23}},"19":{"start":{"line":52,"column":0},"end":{"line":60,"column":2}},"20":{"start":{"line":53,"column":4},"end":{"line":59,"column":5}},"21":{"start":{"line":54,"column":33},"end":{"line":54,"column":41}},"22":{"start":{"line":55,"column":24},"end":{"line":55,"column":125}},"23":{"start":{"line":56,"column":8},"end":{"line":56,"column":53}},"24":{"start":{"line":58,"column":8},"end":{"line":58,"column":23}},"25":{"start":{"line":62,"column":0},"end":{"line":93,"column":2}},"26":{"start":{"line":63,"column":4},"end":{"line":92,"column":5}},"27":{"start":{"line":66,"column":23},"end":{"line":66,"column":33}},"28":{"start":{"line":68,"column":23},"end":{"line":68,"column":27}},"29":{"start":{"line":69,"column":8},"end":{"line":71,"column":9}},"30":{"start":{"line":70,"column":12},"end":{"line":70,"column":31}},"31":{"start":{"line":72,"column":8},"end":{"line":74,"column":9}},"32":{"start":{"line":73,"column":12},"end":{"line":73,"column":33}},"33":{"start":{"line":75,"column":19},"end":{"line":75,"column":32}},"34":{"start":{"line":76,"column":24},"end":{"line":76,"column":98}},"35":{"start":{"line":77,"column":8},"end":{"line":85,"column":9}},"36":{"start":{"line":78,"column":12},"end":{"line":78,"column":142}},"37":{"start":{"line":80,"column":12},"end":{"line":84,"column":13}},"38":{"start":{"line":81,"column":16},"end":{"line":81,"column":146}},"39":{"start":{"line":83,"column":16},"end":{"line":83,"column":122}},"40":{"start":{"line":86,"column":8},"end":{"line":88,"column":9}},"41":{"start":{"line":87,"column":12},"end":{"line":87,"column":81}},"42":{"start":{"line":89,"column":8},"end":{"line":89,"column":50}},"43":{"start":{"line":91,"column":8},"end":{"line":91,"column":23}},"44":{"start":{"line":95,"column":0},"end":{"line":107,"column":2}},"45":{"start":{"line":96,"column":4},"end":{"line":106,"column":5}},"46":{"start":{"line":97,"column":17},"end":{"line":97,"column":30}},"47":{"start":{"line":98,"column":24},"end":{"line":98,"column":84}},"48":{"start":{"line":99,"column":8},"end":{"line":101,"column":9}},"49":{"start":{"line":100,"column":12},"end":{"line":100,"column":81}},"50":{"start":{"line":102,"column":23},"end":{"line":102,"column":79}},"51":{"start":{"line":103,"column":8},"end":{"line":103,"column":44}},"52":{"start":{"line":105,"column":8},"end":{"line":105,"column":23}},"53":{"start":{"line":109,"column":0},"end":{"line":109,"column":24}}},"fnMap":{"0":{"name":"(anonymous_0)","decl":{"start":{"line":6,"column":16},"end":{"line":6,"column":17}},"loc":{"start":{"line":6,"column":42},"end":{"line":13,"column":1}},"line":6},"1":{"name":"(anonymous_1)","decl":{"start":{"line":15,"column":19},"end":{"line":15,"column":20}},"loc":{"start":{"line":15,"column":45},"end":{"line":50,"column":1}},"line":15},"2":{"name":"(anonymous_2)","decl":{"start":{"line":52,"column":17},"end":{"line":52,"column":18}},"loc":{"start":{"line":52,"column":43},"end":{"line":60,"column":1}},"line":52},"3":{"name":"(anonymous_3)","decl":{"start":{"line":62,"column":19},"end":{"line":62,"column":20}},"loc":{"start":{"line":62,"column":45},"end":{"line":93,"column":1}},"line":62},"4":{"name":"(anonymous_4)","decl":{"start":{"line":95,"column":22},"end":{"line":95,"column":23}},"loc":{"start":{"line":95,"column":48},"end":{"line":107,"column":1}},"line":95}},"branchMap":{"0":{"loc":{"start":{"line":29,"column":8},"end":{"line":31,"column":9}},"type":"if","locations":[{"start":{"line":29,"column":8},"end":{"line":31,"column":9}},{"start":{"line":29,"column":8},"end":{"line":31,"column":9}}],"line":29},"1":{"loc":{"start":{"line":69,"column":8},"end":{"line":71,"column":9}},"type":"if","locations":[{"start":{"line":69,"column":8},"end":{"line":71,"column":9}},{"start":{"line":69,"column":8},"end":{"line":71,"column":9}}],"line":69},"2":{"loc":{"start":{"line":72,"column":8},"end":{"line":74,"column":9}},"type":"if","locations":[{"start":{"line":72,"column":8},"end":{"line":74,"column":9}},{"start":{"line":72,"column":8},"end":{"line":74,"column":9}}],"line":72},"3":{"loc":{"start":{"line":77,"column":8},"end":{"line":85,"column":9}},"type":"if","locations":[{"start":{"line":77,"column":8},"end":{"line":85,"column":9}},{"start":{"line":77,"column":8},"end":{"line":85,"column":9}}],"line":77},"4":{"loc":{"start":{"line":80,"column":12},"end":{"line":84,"column":13}},"type":"if","locations":[{"start":{"line":80,"column":12},"end":{"line":84,"column":13}},{"start":{"line":80,"column":12},"end":{"line":84,"column":13}}],"line":80},"5":{"loc":{"start":{"line":86,"column":8},"end":{"line":88,"column":9}},"type":"if","locations":[{"start":{"line":86,"column":8},"end":{"line":88,"column":9}},{"start":{"line":86,"column":8},"end":{"line":88,"column":9}}],"line":86},"6":{"loc":{"start":{"line":99,"column":8},"end":{"line":101,"column":9}},"type":"if","locations":[{"start":{"line":99,"column":8},"end":{"line":101,"column":9}},{"start":{"line":99,"column":8},"end":{"line":101,"column":9}}],"line":99}},"s":{"0":1,"1":1,"2":1,"3":1,"4":1,"5":0,"6":0,"7":0,"8":0,"9":1,"10":0,"11":0,"12":0,"13":0,"14":0,"15":0,"16":0,"17":0,"18":0,"19":1,"20":0,"21":0,"22":0,"23":0,"24":0,"25":1,"26":0,"27":0,"28":0,"29":0,"30":0,"31":0,"32":0,"33":0,"34":0,"35":0,"36":0,"37":0,"38":0,"39":0,"40":0,"41":0,"42":0,"43":0,"44":1,"45":0,"46":0,"47":0,"48":0,"49":0,"50":0,"51":0,"52":0,"53":1},"f":{"0":0,"1":0,"2":0,"3":0,"4":0},"b":{"0":[0,0],"1":[0,0],"2":[0,0],"3":[0,0],"4":[0,0],"5":[0,0],"6":[0,0]},"_coverageSchema":"1a1c01bbd47fc00a2c39e90264f33305004495a9","hash":"f2a1b415cf4934835fb23d298ce6d4509109d80b"}
}
